<?xml version="1.0" encoding="UTF-8"?>
<!-- Generated by org.testng.reporters.JUnitReportReporter -->
<testsuite hostname="Ramakrishna" name="com.deckofcardsapi.tests.DeckOfCardsApiTests" tests="6" failures="0" timestamp="27 Apr 2020 03:41:57 GMT" time="6.940" errors="0">
  <testcase name="drawFourCardsFromDeckWithoutJoker" time="0.385" classname="com.deckofcardsapi.tests.DeckOfCardsApiTests"/>
  <testcase name="createNewDeckOfCardsWithJoker" time="4.919" classname="com.deckofcardsapi.tests.DeckOfCardsApiTests"/>
  <testcase name="drawFiveCardsFromDeckWithJoker" time="0.396" classname="com.deckofcardsapi.tests.DeckOfCardsApiTests"/>
  <testcase name="drawNoCardsFromDeckWithJoker" time="0.437" classname="com.deckofcardsapi.tests.DeckOfCardsApiTests"/>
  <testcase name="drawTwoCardsFromDeckWithJoker" time="0.486" classname="com.deckofcardsapi.tests.DeckOfCardsApiTests"/>
  <testcase name="createNewDeckOfCardsWithoutJoker" time="0.317" classname="com.deckofcardsapi.tests.DeckOfCardsApiTests"/>
</testsuite> <!-- com.deckofcardsapi.tests.DeckOfCardsApiTests -->
